<?xml version="1.0" encoding="UTF-8"?>
<!-- Generated by org.testng.reporters.JUnitXMLReporter -->
<testsuite ignored="0" hostname="Surekha-Laptop" failures="0" tests="3" name="Test-2" time="188.688" errors="0" timestamp="18 Dec 2025 12:10:35 GMT">
  <testcase classname="com.comcast.crm.contacttest.CreateContactTest" name="createContactWithOrgTest" time="108.818"/>
  <testcase classname="com.comcast.crm.contacttest.CreateContactTest" name="createContactWithsupportDateTest" time="23.055"/>
  <testcase classname="com.comcast.crm.contacttest.CreateContactTest" name="testcase" time="12.969"/>
</testsuite> <!-- Test-2 -->
