<?xml version="1.0" encoding="UTF-8"?>
<!-- Generated by org.testng.reporters.JUnitXMLReporter -->
<testsuite ignored="0" hostname="Surekha-Laptop" failures="0" tests="3" name="Test-1" time="187.098" errors="0" timestamp="18 Dec 2025 12:10:34 GMT">
  <testcase classname="com.comcast.crm.orgtest.CreateOrganizationTest" name="createOrgWithIndustry" time="97.851"/>
  <testcase classname="com.comcast.crm.orgtest.CreateOrganizationTest" name="createOrgWithPhonenumber" time="28.292"/>
  <testcase classname="com.comcast.crm.orgtest.CreateOrganizationTest" name="testcase" time="22.804"/>
</testsuite> <!-- Test-1 -->
