<?xml version="1.0" encoding="UTF-8"?>
<testng-results ignored="0" total="1" passed="1" failed="0" skipped="0">
  <reporter-output>
  </reporter-output>
  <suite started-at="2025-12-23T16:20:44 IST" name="Default suite" finished-at="2025-12-23T16:20:59 IST" duration-ms="14999">
    <groups>
      <group name="SmokeTesting">
        <method signature="CreateOrganizationTest.createOrgTest()[pri:0, instance:com.comcast.crm.orgtest.CreateOrganizationTest@477b4cdf]" name="createOrgTest" class="com.comcast.crm.orgtest.CreateOrganizationTest"/>
      </group> <!-- SmokeTesting -->
    </groups>
    <test started-at="2025-12-23T16:20:44 IST" name="Default test" finished-at="2025-12-23T16:20:59 IST" duration-ms="14999">
      <class name="com.comcast.crm.orgtest.CreateOrganizationTest">
        <test-method is-config="true" signature="configBS()[pri:0, instance:com.comcast.crm.orgtest.CreateOrganizationTest@477b4cdf]" started-at="2025-12-23T16:20:44 IST" name="configBS" finished-at="2025-12-23T16:20:44 IST" duration-ms="822" status="PASS">
          <reporter-output>
          </reporter-output>
        </test-method> <!-- configBS -->
        <test-method is-config="true" signature="configBC()[pri:0, instance:com.comcast.crm.orgtest.CreateOrganizationTest@477b4cdf]" started-at="2025-12-23T16:20:44 IST" name="configBC" finished-at="2025-12-23T16:20:48 IST" duration-ms="3997" status="PASS">
          <reporter-output>
          </reporter-output>
        </test-method> <!-- configBC -->
        <test-method is-config="true" signature="configBM()[pri:0, instance:com.comcast.crm.orgtest.CreateOrganizationTest@477b4cdf]" started-at="2025-12-23T16:20:48 IST" name="configBM" finished-at="2025-12-23T16:20:50 IST" duration-ms="1352" status="PASS">
          <reporter-output>
          </reporter-output>
        </test-method> <!-- configBM -->
        <test-method signature="createOrgTest()[pri:0, instance:com.comcast.crm.orgtest.CreateOrganizationTest@477b4cdf]" started-at="2025-12-23T16:20:50 IST" name="createOrgTest" finished-at="2025-12-23T16:20:58 IST" duration-ms="7826" status="PASS">
          <reporter-output>
          </reporter-output>
        </test-method> <!-- createOrgTest -->
        <test-method is-config="true" signature="configAM()[pri:0, instance:com.comcast.crm.orgtest.CreateOrganizationTest@477b4cdf]" started-at="2025-12-23T16:20:58 IST" name="configAM" finished-at="2025-12-23T16:20:59 IST" duration-ms="953" status="PASS">
          <reporter-output>
          </reporter-output>
        </test-method> <!-- configAM -->
        <test-method is-config="true" signature="configAC()[pri:0, instance:com.comcast.crm.orgtest.CreateOrganizationTest@477b4cdf]" started-at="2025-12-23T16:20:59 IST" name="configAC" finished-at="2025-12-23T16:20:59 IST" duration-ms="753" status="PASS">
          <reporter-output>
          </reporter-output>
        </test-method> <!-- configAC -->
        <test-method is-config="true" signature="configAS()[pri:0, instance:com.comcast.crm.orgtest.CreateOrganizationTest@477b4cdf]" started-at="2025-12-23T16:20:59 IST" name="configAS" finished-at="2025-12-23T16:20:59 IST" duration-ms="6" status="PASS">
          <reporter-output>
          </reporter-output>
        </test-method> <!-- configAS -->
      </class> <!-- com.comcast.crm.orgtest.CreateOrganizationTest -->
    </test> <!-- Default test -->
  </suite> <!-- Default suite -->
</testng-results>
