<?xml version="1.0" encoding="UTF-8"?>
<!-- Generated by org.testng.reporters.JUnitReportReporter -->
<testsuite hostname="Surekha-Laptop" failures="0" tests="3" name="practice.test.GetProductInfoTest" time="28.510" errors="0" timestamp="17 Dec 2025 12:59:49 GMT" skipped="0">
  <testcase classname="practice.test.GetProductInfoTest" name="getData" time="9.184"/>
  <testcase classname="practice.test.GetProductInfoTest" name="getData" time="9.001"/>
  <testcase classname="practice.test.GetProductInfoTest" name="getData" time="10.325"/>
</testsuite> <!-- practice.test.GetProductInfoTest -->
