<?xml version="1.0" encoding="UTF-8"?>
<!-- Generated by org.testng.reporters.JUnitReportReporter -->
<testsuite hostname="Surekha-Laptop" failures="0" tests="3" name="com.comcast.crm.contacttest.CreateContactTest" time="28.814" errors="0" timestamp="19 Dec 2025 06:20:52 GMT" skipped="0">
  <testcase classname="com.comcast.crm.contacttest.CreateContactTest" name="createContactWithOrgTest" time="13.477"/>
  <testcase classname="com.comcast.crm.contacttest.CreateContactTest" name="testcase" time="8.161"/>
  <testcase classname="com.comcast.crm.contacttest.CreateContactTest" name="createContactWithsupportDateTest" time="7.176"/>
</testsuite> <!-- com.comcast.crm.contacttest.CreateContactTest -->
