<?xml version="1.0" encoding="UTF-8"?>
<!-- Generated by org.testng.reporters.JUnitReportReporter -->
<testsuite hostname="Surekha-Laptop" failures="0" tests="1" name="com.comcast.crm.contacttest.CreateContactTestWithSupportDateTest" time="24.095" errors="0" timestamp="17 Dec 2025 04:26:58 GMT" skipped="0">
  <testcase classname="com.comcast.crm.contacttest.CreateContactTestWithSupportDateTest" name="testcase" time="24.095"/>
</testsuite> <!-- com.comcast.crm.contacttest.CreateContactTestWithSupportDateTest -->
